\BOOKMARK [0][-]{section*.2}{\376\377\000L\036\335\000i\000\040\000c\000a\000m\000\040\001\021\000o\000a\000n}{}% 1
\BOOKMARK [0][-]{section*.4}{\376\377\000L\036\335\000i\000\040\000c\036\243\000m\000\040\001\241\000n}{}% 2
\BOOKMARK [0][-]{section*.6}{\376\377\000T\000\363\000m\000\040\000t\036\257\000t}{}% 3
\BOOKMARK [0][-]{section*.8}{\376\377\000M\036\345\000c\000\040\000l\036\345\000c}{}% 4
\BOOKMARK [0][-]{section*.9}{\376\377\000T\000\363\000m\000\040\000t\036\257\000t}{}% 5
\BOOKMARK [0][-]{section*.11}{\376\377\000D\000a\000n\000h\000\040\000m\036\345\000c\000\040\000h\000\354\000n\000h\000\040\000v\036\275}{}% 6
\BOOKMARK [0][-]{section*.12}{\376\377\000D\000a\000n\000h\000\040\000m\036\345\000c\000\040\000b\036\243\000n\000g\000\040\000b\000i\036\303\000u}{}% 7
\BOOKMARK [0][-]{section*.13}{\376\377\000M\036\337\000\040\001\021\036\247\000u}{}% 8
\BOOKMARK [0][-]{chapter.1}{\376\377\000C\001\240\000\040\000S\036\336\000\040\000L\000\335\000\040\000T\000H\000U\000Y\036\276\000T}{}% 9
\BOOKMARK [1][-]{section.1.1}{\376\377\001\020\036\267\000t\000\040\000v\036\245\000n\000\040\001\021\036\301}{chapter.1}% 10
\BOOKMARK [1][-]{section.1.2}{\376\377\000T\000r\000\355\000c\000h\000\040\000x\000u\036\245\000t\000\040\001\021\036\267\000c\000\040\000t\000r\001\260\000n\000g}{chapter.1}% 11
\BOOKMARK [2][-]{subsection.1.2.1}{\376\377\000K\000h\000\341\000i\000\040\000n\000i\036\307\000m\000\040\000t\000r\000\355\000c\000h\000\040\000x\000u\036\245\000t\000\040\001\021\036\267\000c\000\040\000t\000r\001\260\000n\000g}{section.1.2}% 12
\BOOKMARK [2][-]{subsection.1.2.2}{\376\377\000K\036\277\000t\000\040\000c\036\245\000u\000\040\000t\000h\036\313\000\040\000g\000i\000\341\000c}{section.1.2}% 13
\BOOKMARK [2][-]{subsection.1.2.3}{\376\377\000C\000\341\000c\000\040\000p\000h\001\260\001\241\000n\000g\000\040\000p\000h\000\341\000p\000\040\000t\000r\000\355\000c\000h\000\040\000x\000u\036\245\000t\000\040\001\021\036\267\000c\000\040\000t\000r\001\260\000n\000g}{section.1.2}% 14
\BOOKMARK [2][-]{subsection.1.2.4}{\376\377\000L\000o\000c\000a\000l\000\040\000B\000i\000n\000a\000r\000y\000\040\000P\000a\000t\000t\000e\000r\000n}{section.1.2}% 15
\BOOKMARK [2][-]{subsection.1.2.5}{\376\377\000C\000\341\000c\000\040\000b\000i\036\277\000n\000\040\000t\000h\036\303\000\040\000c\036\347\000a\000\040\000L\000B\000P}{section.1.2}% 16
\BOOKMARK [2][-]{subsection.1.2.6}{\376\377\000M\000e\000d\000i\000a\000n\000\040\000R\000o\000b\000u\000s\000t\000\040\000E\000x\000t\000e\000n\000d\000e\000d\000\040\000L\000o\000c\000a\000l\000\040\000B\000i\000n\000a\000r\000y\000\040\000P\000a\000t\000t\000e\000r\000n}{section.1.2}% 17
\BOOKMARK [1][-]{section.1.3}{\376\377\000N\036\301\000n\000\040\000t\036\243\000n\000g\000\040\000v\036\301\000\040\000t\000h\000i\036\277\000t\000\040\000k\036\277\000\040\000s\036\321}{chapter.1}% 18
\BOOKMARK [2][-]{subsection.1.3.1}{\376\377\000T\036\325\000n\000g\000\040\000q\000u\000a\000n\000\040\000v\036\301\000\040\000t\000h\000i\036\277\000t\000\040\000k\036\277\000\040\000s\036\321}{section.1.3}% 19
\BOOKMARK [2][-]{subsection.1.3.2}{\376\377\000M\000\341\000y\000\040\000t\000r\036\241\000n\000g\000\040\000t\000h\000\341\000i\000\040\000h\036\357\000u\000\040\000h\036\241\000n}{section.1.3}% 20
\BOOKMARK [2][-]{subsection.1.3.3}{\376\377\000P\000i\000p\000e\000l\000i\000n\000i\000n\000g}{section.1.3}% 21
\BOOKMARK [2][-]{subsection.1.3.4}{\376\377\000G\000i\000a\000o\000\040\000d\000i\036\307\000n\000\040\000A\000X\000I\0004\000-\000S\000t\000r\000e\000a\000m}{section.1.3}% 22
\BOOKMARK [1][-]{section.1.4}{\376\377\000P\000h\036\247\000n\000\040\000m\036\301\000m\000\040\000t\000h\000i\036\277\000t\000\040\000k\036\277\000\040\000v\000\340\000\040\000m\000\364\000\040\000p\000h\036\317\000n\000g\000\040\000V\000i\000v\000a\000d\000o}{chapter.1}% 23
\BOOKMARK [1][-]{section.1.5}{\376\377\000L\000u\036\323\000n\000g\000\040\000t\000h\000i\036\277\000t\000\040\000k\036\277}{chapter.1}% 24
\BOOKMARK [0][-]{chapter.2}{\376\377\001\020\036\266\000C\000\040\000T\036\242\000\040\000K\036\370\000\040\000T\000H\000U\036\254\000T}{}% 25
\BOOKMARK [1][-]{section.2.1}{\376\377\000Y\000\352\000u\000\040\000c\036\247\000u\000\040\000h\036\307\000\040\000t\000h\036\321\000n\000g\000\040}{chapter.2}% 26
\BOOKMARK [1][-]{section.2.2}{\376\377\000X\000\341\000c\000\040\001\021\036\313\000n\000h\000\040\000t\000h\000i\036\277\000t\000\040\000k\036\277}{chapter.2}% 27
\BOOKMARK [2][-]{subsection.2.2.1}{\376\377\000T\036\321\000i\000\040\001\260\000u\000\040\000t\000h\000u\036\255\000t\000\040\000t\000o\000\341\000n\000\040\000p\000h\000\371\000\040\000h\036\343\000p\000\040\000v\036\333\000i\000\040\000p\000h\036\247\000n\000\040\000c\036\351\000n\000g}{section.2.2}% 28
\BOOKMARK [2][-]{subsection.2.2.2}{\376\377\000S\001\241\000\040\001\021\036\323\000\040\000t\000r\000i\036\303\000n\000\040\000k\000h\000a\000i\000\040\000t\000h\000u\036\255\000t\000\040\000t\000o\000\341\000n}{section.2.2}% 29
\BOOKMARK [1][-]{section.2.3}{\376\377\000\040\001\020\036\267\000c\000\040\000t\036\243\000\040\000k\036\371\000\040\000t\000h\000u\036\255\000t}{chapter.2}% 30
\BOOKMARK [2][-]{subsection.2.3.1}{\376\377\001\020\036\267\000c\000\040\000t\036\243\000\040\000m\000\364\000\040\001\021\000u\000n\000\040\000M\000R\000E\000L\000B\000P}{section.2.3}% 31
\BOOKMARK [2][-]{subsection.2.3.2}{\376\377\001\020\036\267\000c\000\040\000t\036\243\000\040\000m\000\364\000\040\001\021\000u\000n\000\040\000M\000e\000d\000i\000a\000n\000P\000r\000o\000c\000e\000s\000s\000i\000n\000g}{section.2.3}% 32
\BOOKMARK [2][-]{subsection.2.3.3}{\376\377\001\020\036\267\000c\000\040\000t\036\243\000\040\000m\000\364\000\040\001\021\000u\000n\000\040\000C\000I}{section.2.3}% 33
\BOOKMARK [2][-]{subsection.2.3.4}{\376\377\001\020\036\267\000c\000\040\000t\036\243\000\040\000m\000\364\000\040\001\021\000u\000n\000\040\000N\000I\000R\000D}{section.2.3}% 34
\BOOKMARK [2][-]{subsection.2.3.5}{\376\377\001\020\036\267\000c\000\040\000t\036\243\000\040\000m\000\364\000\040\001\021\000u\000n\000\040\000J\000o\000i\000n\000t\000H\000i\000s\000t\000o\000g\000r\000a\000m}{section.2.3}% 35
\BOOKMARK [0][-]{chapter.3}{\376\377\000T\000h\000i\036\277\000t\000\040\000k\036\277\000\040\000R\000T\000L}{}% 36
\BOOKMARK [1][-]{section.3.1}{\376\377\000M\000\364\000\040\001\021\000u\000n\000\040\000M\000e\000d\000i\000a\000n\000P\000r\000o\000c\000e\000s\000s\000i\000n\000g}{chapter.3}% 37
\BOOKMARK [2][-]{subsection.3.1.1}{\376\377\000M\000\364\000\040\001\021\000u\000n\000\040\000L\000i\000n\000e\000B\000u\000f\000f\000e\000r}{section.3.1}% 38
\BOOKMARK [2][-]{subsection.3.1.2}{\376\377\000M\000\364\000\040\001\021\000u\000n\000\040\000Z\000e\000r\000o\000P\000a\000d\000d\000i\000n\000g}{section.3.1}% 39
\BOOKMARK [2][-]{subsection.3.1.3}{\376\377\000M\000\364\000\040\001\021\000u\000n\000\040\000M\000e\000d\000i\000a\000n\000C\000a\000l\000c\000u\000l\000a\000t\000i\000o\000n}{section.3.1}% 40
\BOOKMARK [1][-]{section.3.2}{\376\377\000M\000\364\000\040\001\021\000u\000n\000\040\000C\000I}{chapter.3}% 41
\BOOKMARK [2][-]{subsection.3.2.1}{\376\377\000C\001\241\000\040\000s\036\337\000\040\000x\000\342\000y\000\040\000d\036\361\000n\000g\000\040\000m\000\364\000\040\001\021\000u\000n\000\040\000P\000a\000t\000c\000h\000S\000u\000m}{section.3.2}% 42
\BOOKMARK [2][-]{subsection.3.2.2}{\376\377\000X\000\342\000y\000\040\000d\036\361\000n\000g\000\040\000m\000\364\000\040\001\021\000u\000n\000\040\000P\000a\000t\000c\000h\000S\000u\000m}{section.3.2}% 43
\BOOKMARK [1][-]{section.3.3}{\376\377\000M\000\364\000\040\001\021\000u\000n\000\040\000N\000I\000R\000D}{chapter.3}% 44
\BOOKMARK [2][-]{subsection.3.3.1}{\376\377\000M\000\364\000\040\001\021\000u\000n\000\040\000I\000n\000t\000e\000r\000p\000o\000l\000a\000t\000i\000o\000n}{section.3.3}% 45
\BOOKMARK [2][-]{subsection.3.3.2}{\376\377\000M\000\364\000\040\001\021\000u\000n\000\040\000R\000I\000U\0002}{section.3.3}% 46
\BOOKMARK [1][-]{section.3.4}{\376\377\000M\000\364\000\040\001\021\000u\000n\000\040\000J\000o\000i\000n\000t\000H\000i\000s\000t\000o\000g\000r\000a\000m}{chapter.3}% 47
\BOOKMARK [0][-]{section*.101}{\376\377\000T\000\300\000I\000\040\000L\000I\036\306\000U\000\040\000T\000H\000A\000M\000\040\000K\000H\036\242\000O}{}% 48
