#-----------------------------------------------------------
# Vivado v2023.2 (64-bit)
# SW Build 4029153 on Fri Oct 13 20:14:34 MDT 2023
# IP Build 4028589 on Sat Oct 14 00:45:43 MDT 2023
# SharedData Build 4025554 on Tue Oct 10 17:18:54 MDT 2023
# Start of session at: Sat Apr 26 09:05:58 2025
# Process ID: 11912
# Current directory: D:/Thesis/auto_scripts/fc
# Command line: vivado.exe -mode batch -source D:\\Thesis\\auto_scripts\\fc\\vi.tcl
# Log file: D:/Thesis/auto_scripts/fc/vivado.log
# Journal file: D:/Thesis/auto_scripts/fc\vivado.jou
# Running On: DESKTOP-4VU606L, OS: Windows, CPU Frequency: 2496 MHz, CPU Physical cores: 4, Host memory: 17002 MB
#-----------------------------------------------------------
source {D:\\Thesis\\auto_scripts\\fc\\vi.tcl}
# open_project "D:/Xilinx_Vivado/MRELBP_Verification_Version/MRELBP_Verification_Version.xpr"
Scanning sources...
Finished scanning sources
INFO: [Common 17-41] Interrupt caught. Command should exit soon.
INFO: [Common 17-41] Interrupt caught. Command should exit soon.
INFO: [IP_Flow 19-234] Refreshing IP repositories
INFO: [IP_Flow 19-1704] No user IP repositories specified
INFO: [IP_Flow 19-2313] Loaded Vivado IP repository 'D:/Xilinx2023/Vivado/2023.2/data/ip'.
INFO: [Common 17-344] 'open_project' was cancelled
INFO: [Common 17-344] 'source' was cancelled
INFO: [Common 17-206] Exiting Vivado at Sat Apr 26 09:06:11 2025...
