DISSOLVE_GENOME: GENOME TopModule_controller_tempName GENOME Data_modulate_5x5_tempName GENOME Median_filter_5x5_calc_tempName GENOME Data_modulate_7x7_tempName GENOME Median_filter_7x7_calc__GCB0_tempName GENOME Median_filter_7x7_calc__GCB1_tempName GENOME Median_filter_7x7_calc__GCB2_tempName GENOME Median_filter_7x7_calc__GCB3_tempName GENOME Median_processing__GC0_tempName GENOME Joint_histogram_tempName GENOME R4_NIRD_tempName GENOME TopModule_datapath__GCB0_tempName GENOME TopModule_controller GENOME R4_NIRD GENOME Joint_histogram GENOME TopModule_datapath__GCB0 GENOME Median_processing__GC0 GENOME Data_modulate_5x5 GENOME Data_modulate_7x7 GENOME Median_filter_5x5_calc GENOME Median_filter_7x7_calc__GCB0 GENOME Median_filter_7x7_calc__GCB1 GENOME Median_filter_7x7_calc__GCB2 GENOME Median_filter_7x7_calc__GCB3 GENOME TopModule_GT0_tempName GENOME Joint_histogram__1_tempName
REEXTRACT_GENOME: GENOME Median_filter_7x7_calc__GCB1 GENOME Median_filter_7x7_calc__GCB2 GENOME Median_filter_7x7_calc__GCB3 GENOME TopModule_GT0
INST Data_modulate_5x5 PIN 203: INST Median_processing__GC0 PIN 0
INST Median_processing__GC0 PIN 0: GENOME Median_processing__GC0 PIN 0
GENOME Median_processing__GC0 PIN 0: INST Median_processing__GC0 PIN 0
GENOME Data_modulate_5x5 PIN 203: INST Data_modulate_5x5 PIN 203
INST Data_modulate_5x5 PIN 204: INST Median_processing__GC0 PIN 1
INST Median_processing__GC0 PIN 1: GENOME Median_processing__GC0 PIN 1
GENOME Median_processing__GC0 PIN 1: INST Median_processing__GC0 PIN 1
GENOME Data_modulate_5x5 PIN 204: INST Data_modulate_5x5 PIN 204
INST Data_modulate_5x5 PIN 205: INST Median_processing__GC0 PIN 2
INST Median_processing__GC0 PIN 2: GENOME Median_processing__GC0 PIN 2
GENOME Median_processing__GC0 PIN 2: INST Median_processing__GC0 PIN 2
GENOME Data_modulate_5x5 PIN 205: INST Data_modulate_5x5 PIN 205
INST Data_modulate_5x5 PIN 206: INST Median_processing__GC0 PIN 3
INST Median_processing__GC0 PIN 3: GENOME Median_processing__GC0 PIN 3
GENOME Median_processing__GC0 PIN 3: INST Median_processing__GC0 PIN 3
GENOME Data_modulate_5x5 PIN 206: INST Data_modulate_5x5 PIN 206
INST Data_modulate_5x5 PIN 207: INST Median_processing__GC0 PIN 4
INST Median_processing__GC0 PIN 4: GENOME Median_processing__GC0 PIN 4
GENOME Median_processing__GC0 PIN 4: INST Median_processing__GC0 PIN 4
GENOME Data_modulate_5x5 PIN 207: INST Data_modulate_5x5 PIN 207
INST Data_modulate_5x5 PIN 208: INST Median_processing__GC0 PIN 5
INST Median_processing__GC0 PIN 5: GENOME Median_processing__GC0 PIN 5
GENOME Median_processing__GC0 PIN 5: INST Median_processing__GC0 PIN 5
GENOME Data_modulate_5x5 PIN 208: INST Data_modulate_5x5 PIN 208
INST Data_modulate_5x5 PIN 209: INST Median_processing__GC0 PIN 6
INST Median_processing__GC0 PIN 6: GENOME Median_processing__GC0 PIN 6
GENOME Median_processing__GC0 PIN 6: INST Median_processing__GC0 PIN 6
GENOME Data_modulate_5x5 PIN 209: INST Data_modulate_5x5 PIN 209
INST Data_modulate_5x5 PIN 210: INST Median_processing__GC0 PIN 7
INST Median_processing__GC0 PIN 7: GENOME Median_processing__GC0 PIN 7
GENOME Median_processing__GC0 PIN 7: INST Median_processing__GC0 PIN 7
GENOME Data_modulate_5x5 PIN 210: INST Data_modulate_5x5 PIN 210
INST Data_modulate_5x5 PIN 211: INST Median_processing__GC0 PIN 8
GENOME Data_modulate_5x5 PIN 211: INST Data_modulate_5x5 PIN 211
INST Data_modulate_5x5 PIN 212: INST Median_processing__GC0 PIN 9
GENOME Data_modulate_5x5 PIN 212: INST Data_modulate_5x5 PIN 212
INST Data_modulate_5x5 PIN 213: INST Median_processing__GC0 PIN 10
GENOME Data_modulate_5x5 PIN 213: INST Data_modulate_5x5 PIN 213
INST Data_modulate_5x5 PIN 214: INST Median_processing__GC0 PIN 11
GENOME Data_modulate_5x5 PIN 214: INST Data_modulate_5x5 PIN 214
INST Data_modulate_5x5 PIN 215: INST Median_processing__GC0 PIN 12
GENOME Data_modulate_5x5 PIN 215: INST Data_modulate_5x5 PIN 215
INST Data_modulate_5x5 PIN 216: INST Median_processing__GC0 PIN 13
GENOME Data_modulate_5x5 PIN 216: INST Data_modulate_5x5 PIN 216
INST Data_modulate_5x5 PIN 217: INST Median_processing__GC0 PIN 14
GENOME Data_modulate_5x5 PIN 217: INST Data_modulate_5x5 PIN 217
INST Data_modulate_5x5 PIN 218: INST Median_processing__GC0 PIN 15
GENOME Data_modulate_5x5 PIN 218: INST Data_modulate_5x5 PIN 218
INST Data_modulate_5x5 PIN 259: INST Median_processing__GC0 PIN 56
GENOME Data_modulate_5x5 PIN 259: INST Data_modulate_5x5 PIN 259
INST Data_modulate_5x5 PIN 260: INST Median_processing__GC0 PIN 57
GENOME Data_modulate_5x5 PIN 260: INST Data_modulate_5x5 PIN 260
INST Data_modulate_5x5 PIN 261: INST Median_processing__GC0 PIN 58
GENOME Data_modulate_5x5 PIN 261: INST Data_modulate_5x5 PIN 261
INST Data_modulate_5x5 PIN 262: INST Median_processing__GC0 PIN 59
GENOME Data_modulate_5x5 PIN 262: INST Data_modulate_5x5 PIN 262
INST Data_modulate_5x5 PIN 263: INST Median_processing__GC0 PIN 60
GENOME Data_modulate_5x5 PIN 263: INST Data_modulate_5x5 PIN 263
INST Data_modulate_5x5 PIN 264: INST Median_processing__GC0 PIN 61
GENOME Data_modulate_5x5 PIN 264: INST Data_modulate_5x5 PIN 264
INST Data_modulate_5x5 PIN 265: INST Median_processing__GC0 PIN 62
GENOME Data_modulate_5x5 PIN 265: INST Data_modulate_5x5 PIN 265
INST Data_modulate_5x5 PIN 266: INST Median_processing__GC0 PIN 63
GENOME Data_modulate_5x5 PIN 266: INST Data_modulate_5x5 PIN 266
INST Data_modulate_5x5 PIN 267: INST Median_processing__GC0 PIN 64
INST Median_processing__GC0 PIN 64: GENOME Median_processing__GC0 PIN 64
GENOME Median_processing__GC0 PIN 64: INST Median_processing__GC0 PIN 64
GENOME Data_modulate_5x5 PIN 267: INST Data_modulate_5x5 PIN 267
INST Data_modulate_5x5 PIN 268: INST Median_processing__GC0 PIN 65
INST Median_processing__GC0 PIN 65: GENOME Median_processing__GC0 PIN 65
GENOME Median_processing__GC0 PIN 65: INST Median_processing__GC0 PIN 65
GENOME Data_modulate_5x5 PIN 268: INST Data_modulate_5x5 PIN 268
INST Data_modulate_5x5 PIN 269: INST Median_processing__GC0 PIN 66
INST Median_processing__GC0 PIN 66: GENOME Median_processing__GC0 PIN 66
GENOME Median_processing__GC0 PIN 66: INST Median_processing__GC0 PIN 66
GENOME Data_modulate_5x5 PIN 269: INST Data_modulate_5x5 PIN 269
INST Data_modulate_5x5 PIN 270: INST Median_processing__GC0 PIN 67
INST Median_processing__GC0 PIN 67: GENOME Median_processing__GC0 PIN 67
GENOME Median_processing__GC0 PIN 67: INST Median_processing__GC0 PIN 67
GENOME Data_modulate_5x5 PIN 270: INST Data_modulate_5x5 PIN 270
INST Data_modulate_5x5 PIN 271: INST Median_processing__GC0 PIN 68
INST Median_processing__GC0 PIN 68: GENOME Median_processing__GC0 PIN 68
GENOME Median_processing__GC0 PIN 68: INST Median_processing__GC0 PIN 68
GENOME Data_modulate_5x5 PIN 271: INST Data_modulate_5x5 PIN 271
INST Data_modulate_5x5 PIN 272: INST Median_processing__GC0 PIN 69
INST Median_processing__GC0 PIN 69: GENOME Median_processing__GC0 PIN 69
GENOME Median_processing__GC0 PIN 69: INST Median_processing__GC0 PIN 69
GENOME Data_modulate_5x5 PIN 272: INST Data_modulate_5x5 PIN 272
INST Data_modulate_5x5 PIN 273: INST Median_processing__GC0 PIN 70
INST Median_processing__GC0 PIN 70: GENOME Median_processing__GC0 PIN 70
GENOME Median_processing__GC0 PIN 70: INST Median_processing__GC0 PIN 70
GENOME Data_modulate_5x5 PIN 273: INST Data_modulate_5x5 PIN 273
INST Data_modulate_5x5 PIN 274: INST Median_processing__GC0 PIN 71
INST Median_processing__GC0 PIN 71: GENOME Median_processing__GC0 PIN 71
GENOME Median_processing__GC0 PIN 71: INST Median_processing__GC0 PIN 71
GENOME Data_modulate_5x5 PIN 274: INST Data_modulate_5x5 PIN 274
INST Data_modulate_7x7 PIN 395: INST Median_processing__GC0 PIN 0
GENOME Data_modulate_7x7 PIN 395: INST Data_modulate_7x7 PIN 395
INST Data_modulate_7x7 PIN 396: INST Median_processing__GC0 PIN 1
GENOME Data_modulate_7x7 PIN 396: INST Data_modulate_7x7 PIN 396
INST Data_modulate_7x7 PIN 397: INST Median_processing__GC0 PIN 2
GENOME Data_modulate_7x7 PIN 397: INST Data_modulate_7x7 PIN 397
INST Data_modulate_7x7 PIN 398: INST Median_processing__GC0 PIN 3
GENOME Data_modulate_7x7 PIN 398: INST Data_modulate_7x7 PIN 398
INST Data_modulate_7x7 PIN 399: INST Median_processing__GC0 PIN 4
GENOME Data_modulate_7x7 PIN 399: INST Data_modulate_7x7 PIN 399
INST Data_modulate_7x7 PIN 400: INST Median_processing__GC0 PIN 5
GENOME Data_modulate_7x7 PIN 400: INST Data_modulate_7x7 PIN 400
INST Data_modulate_7x7 PIN 401: INST Median_processing__GC0 PIN 6
GENOME Data_modulate_7x7 PIN 401: INST Data_modulate_7x7 PIN 401
INST Data_modulate_7x7 PIN 402: INST Median_processing__GC0 PIN 7
GENOME Data_modulate_7x7 PIN 402: INST Data_modulate_7x7 PIN 402
INST Data_modulate_7x7 PIN 459: INST Median_processing__GC0 PIN 64
GENOME Data_modulate_7x7 PIN 459: INST Data_modulate_7x7 PIN 459
INST Data_modulate_7x7 PIN 460: INST Median_processing__GC0 PIN 65
GENOME Data_modulate_7x7 PIN 460: INST Data_modulate_7x7 PIN 460
INST Data_modulate_7x7 PIN 461: INST Median_processing__GC0 PIN 66
GENOME Data_modulate_7x7 PIN 461: INST Data_modulate_7x7 PIN 461
INST Data_modulate_7x7 PIN 462: INST Median_processing__GC0 PIN 67
GENOME Data_modulate_7x7 PIN 462: INST Data_modulate_7x7 PIN 462
INST Data_modulate_7x7 PIN 463: INST Median_processing__GC0 PIN 68
GENOME Data_modulate_7x7 PIN 463: INST Data_modulate_7x7 PIN 463
INST Data_modulate_7x7 PIN 464: INST Median_processing__GC0 PIN 69
GENOME Data_modulate_7x7 PIN 464: INST Data_modulate_7x7 PIN 464
INST Data_modulate_7x7 PIN 465: INST Median_processing__GC0 PIN 70
GENOME Data_modulate_7x7 PIN 465: INST Data_modulate_7x7 PIN 465
INST Data_modulate_7x7 PIN 466: INST Median_processing__GC0 PIN 71
GENOME Data_modulate_7x7 PIN 466: INST Data_modulate_7x7 PIN 466
INST Joint_histogram PIN 17: GENOME Joint_histogram PIN 17
GENOME Joint_histogram PIN 17: INST Joint_histogram PIN 17
