This is pdfTeX, Version 3.141592653-2.6-1.40.27 (MiKTeX 25.3) (preloaded format=pdflatex 2025.4.11)  6 MAY 2025 22:28
entering extended mode
 restricted \write18 enabled.
 %&-line parsing enabled.
**./Chap0_Introduction.tex
(Chap0_Introduction.tex
LaTeX2e <2024-11-01> patch level 2
L3 programming layer <2025-01-18>
! Undefined control sequence.
l.2 \phantomsection
                   
The control sequence at the end of the top line
of your error message was never \def'ed. If you have
misspelled it (e.g., `\hobx'), type `I' and the correct
spelling (e.g., `I\hbox'). Otherwise just continue,
and I'll forget about whatever was undefined.

! Undefined control sequence.
l.5 \chapter
            *{M·ªü ƒë·∫ßu}
The control sequence at the end of the top line
of your error message was never \def'ed. If you have
misspelled it (e.g., `\hobx'), type `I' and the correct
spelling (e.g., `I\hbox'). Otherwise just continue,
and I'll forget about whatever was undefined.


! LaTeX Error: Missing \begin{document}.

See the LaTeX manual or LaTeX Companion for explanation.
Type  H <return>  for immediate help.
 ...                                              
                                                  
l.5 \chapter*
             {M·ªü ƒë·∫ßu}
You're in trouble here.  Try typing  <return>  to proceed.
If that doesn't work, type  X <return>  to quit.

Missing character: There is no * in font nullfont!
Missing character: There is no M in font nullfont!

! LaTeX Error: Unicode character ·ªü (U+1EDF)
               not set up for use with LaTeX.

See the LaTeX manual or LaTeX Companion for explanation.
Type  H <return>  for immediate help.
 ...                                              
                                                  
l.5 \chapter*{M·ªü
                   ƒë·∫ßu}
You may provide a definition with
\DeclareUnicodeCharacter 


! LaTeX Error: Command \dj unavailable in encoding .

See the LaTeX manual or LaTeX Companion for explanation.
Type  H <return>  for immediate help.
 ...                                              
                                                  
l.5 \chapter*{M·ªü ƒë
                     ·∫ßu}
Your command was ignored.
Type  I <command> <return>  to replace it with another command,
or  <return>  to continue without it.


! LaTeX Error: Unicode character ·∫ß (U+1EA7)
               not set up for use with LaTeX.

See the LaTeX manual or LaTeX Companion for explanation.
Type  H <return>  for immediate help.
 ...                                              
                                                  
l.5 \chapter*{M·ªü ƒë·∫ß
                        u}
You may provide a definition with
\DeclareUnicodeCharacter 

Missing character: There is no u in font nullfont!
! Undefined control sequence.
l.6 \noindent{\Large
                     \textbf{L√Ω do ch·ªçn ƒë·ªÅ t√†i}}
The control sequence at the end of the top line
of your error message was never \def'ed. If you have
misspelled it (e.g., `\hobx'), type `I' and the correct
spelling (e.g., `I\hbox'). Otherwise just continue,
and I'll forget about whatever was undefined.


! LaTeX Error: Unicode character ·ªç (U+1ECD)
               not set up for use with LaTeX.

See the LaTeX manual or LaTeX Companion for explanation.
Type  H <return>  for immediate help.
 ...                                              
                                                  
l.6 ...nt{\Large \textbf{L√Ω do ch·ªçn ƒë·ªÅ t√†i}
                                                  }
You may provide a definition with
\DeclareUnicodeCharacter 


! LaTeX Error: Command \dj unavailable in encoding OT1.

See the LaTeX manual or LaTeX Companion for explanation.
Type  H <return>  for immediate help.
 ...                                              
                                                  
l.6 ...nt{\Large \textbf{L√Ω do ch·ªçn ƒë·ªÅ t√†i}
                                                  }
Your command was ignored.
Type  I <command> <return>  to replace it with another command,
or  <return>  to continue without it.


! LaTeX Error: Unicode character ·ªÅ (U+1EC1)
               not set up for use with LaTeX.

See the LaTeX manual or LaTeX Companion for explanation.
Type  H <return>  for immediate help.
 ...                                              
                                                  
l.6 ...nt{\Large \textbf{L√Ω do ch·ªçn ƒë·ªÅ t√†i}
                                                  }
You may provide a definition with
\DeclareUnicodeCharacter 

Missing character: There is no V in font nullfont!

! LaTeX Error: Unicode character ·ªõ (U+1EDB)
               not set up for use with LaTeX.

See the LaTeX manual or LaTeX Companion for explanation.
Type  H <return>  for immediate help.
 ...                                              
                                                  
l.8 \\ V·ªõ
           i s·ª± ph√°t tri·ªÉn nhanh ch√≥ng c·ªßa d·ªØ li·ªáu, ph·∫ßn c·ª©n...

You may provide a definition with
\DeclareUnicodeCharacter 

Missing character: There is no i in font nullfont!
Missing character: There is no s in font nullfont!

! LaTeX Error: Unicode character ·ª± (U+1EF1)
               not set up for use with LaTeX.

See the LaTeX manual or LaTeX Companion for explanation.
Type  H <return>  for immediate help.
 ...                                              
                                                  
l.8 \\ V·ªõi s·ª±
                  ph√°t tri·ªÉn nhanh ch√≥ng c·ªßa d·ªØ li·ªáu, ph·∫ßn c·ª©n...

You may provide a definition with
\DeclareUnicodeCharacter 

Missing character: There is no p in font nullfont!
Missing character: There is no h in font nullfont!
LaTeX Font Info:    Trying to load font information for +cmr on input line 8.
LaTeX Font Info:    No file cmr.fd. on input line 8.

LaTeX Font Warning: Font shape `/cmr/m/n' undefined
(Font)              using `/cmr/m/n' instead on input line 8.

! Corrupted NFSS tables.
wrong@fontshape ...message {Corrupted NFSS tables}
                                                  error@fontshape else let f...
l.8 \\ V·ªõi s·ª± ph√°
                      t tri·ªÉn nhanh ch√≥ng c·ªßa d·ªØ li·ªáu, ph·∫ßn c·ª©n...
This error message was generated by an \errmessage
command, so I can't give any explicit help.
Pretend that you're Hercule Poirot: Examine all clues,
and deduce the truth by order and method.


LaTeX Font Warning: Font shape `/cmr/m/n' undefined
(Font)              using `OT1/cmr/m/n' instead on input line 8.

Missing character: There is no t in font nullfont!
Missing character: There is no t in font nullfont!
Missing character: There is no r in font nullfont!
Missing character: There is no i in font nullfont!

! LaTeX Error: Unicode character ·ªÉ (U+1EC3)
               not set up for use with LaTeX.

See the LaTeX manual or LaTeX Companion for explanation.
Type  H <return>  for immediate help.
 ...                                              
                                                  
l.8 \\ V·ªõi s·ª± ph√°t tri·ªÉ
                              n nhanh ch√≥ng c·ªßa d·ªØ li·ªáu, ph·∫ßn c·ª©n...

You may provide a definition with
\DeclareUnicodeCharacter 

Missing character: There is no n in font nullfont!
Missing character: There is no n in font nullfont!
Missing character: There is no h in font nullfont!
Missing character: There is no a in font nullfont!
Missing character: There is no n in font nullfont!
Missing character: There is no h in font nullfont!
Missing character: There is no c in font nullfont!
Missing character: There is no h in font nullfont!
Missing character: There is no n in font nullfont!
Missing character: There is no g in font nullfont!
Missing character: There is no c in font nullfont!

! LaTeX Error: Unicode character ·ªß (U+1EE7)
               not set up for use with LaTeX.

See the LaTeX manual or LaTeX Companion for explanation.
Type  H <return>  for immediate help.
 ...                                              
                                                  
l.8 \\ V·ªõi s·ª± ph√°t tri·ªÉn nhanh ch√≥ng c·ªß
                                                 a d·ªØ li·ªáu, ph·∫ßn c·ª©n...

You may provide a definition with
\DeclareUnicodeCharacter 

Missing character: There is no a in font nullfont!
Missing character: There is no d in font nullfont!

! LaTeX Error: Unicode character ·ªØ (U+1EEF)
               not set up for use with LaTeX.

See the LaTeX manual or LaTeX Companion for explanation.
Type  H <return>  for immediate help.
 ...                                              
                                                  
l.8 ... s·ª± ph√°t tri·ªÉn nhanh ch√≥ng c·ªßa d·ªØ
                                                   li·ªáu, ph·∫ßn c·ª©ng, c√...

You may provide a definition with
\DeclareUnicodeCharacter 

Missing character: There is no l in font nullfont!
Missing character: There is no i in font nullfont!

! LaTeX Error: Unicode character ·ªá (U+1EC7)
               not set up for use with LaTeX.

See the LaTeX manual or LaTeX Companion for explanation.
Type  H <return>  for immediate help.
 ...                                              
                                                  
l.8 ...ph√°t tri·ªÉn nhanh ch√≥ng c·ªßa d·ªØ li·ªá
                                                  u, ph·∫ßn c·ª©ng, c√°c nhu...

You may provide a definition with
\DeclareUnicodeCharacter 

Missing character: There is no u in font nullfont!
Missing character: There is no , in font nullfont!
Missing character: There is no p in font nullfont!
Missing character: There is no h in font nullfont!

! LaTeX Error: Unicode character ·∫ß (U+1EA7)
               not set up for use with LaTeX.

See the LaTeX manual or LaTeX Companion for explanation.
Type  H <return>  for immediate help.
 ...                                              
                                                  
l.8 ...i·ªÉn nhanh ch√≥ng c·ªßa d·ªØ li·ªáu, ph·∫ß
                                                  n c·ª©ng, c√°c nhu c·∫ßu v...

You may provide a definition with
\DeclareUnicodeCharacter 

Missing character: There is no n in font nullfont!
Missing character: There is no c in font nullfont!

! LaTeX Error: Unicode character ·ª© (U+1EE9)
               not set up for use with LaTeX.

See the LaTeX manual or LaTeX Companion for explanation.
Type  H <return>  for immediate help.
 ...                                              
                                                  
l.8 ...nhanh ch√≥ng c·ªßa d·ªØ li·ªáu, ph·∫ßn c·ª©
                                                  ng, c√°c nhu c·∫ßu v·ªÅ ·ª...

You may provide a definition with
\DeclareUnicodeCharacter 

Missing character: There is no n in font nullfont!
Missing character: There is no g in font nullfont!
Missing character: There is no , in font nullfont!
Missing character: There is no c in font nullfont!
Missing character: There is no c in font nullfont!
Missing character: There is no n in font nullfont!
Missing character: There is no h in font nullfont!
Missing character: There is no u in font nullfont!
Missing character: There is no c in font nullfont!

! LaTeX Error: Unicode character ·∫ß (U+1EA7)
               not set up for use with LaTeX.

See the LaTeX manual or LaTeX Companion for explanation.
Type  H <return>  for immediate help.
 ...                                              
                                                  
l.8 ...a d·ªØ li·ªáu, ph·∫ßn c·ª©ng, c√°c nhu c·∫ß
                                                  u v·ªÅ ·ª©ng d·ª•ng c·ªßa ...

You may provide a definition with
\DeclareUnicodeCharacter 

Missing character: There is no u in font nullfont!
Missing character: There is no v in font nullfont!

! LaTeX Error: Unicode character ·ªÅ (U+1EC1)
               not set up for use with LaTeX.

See the LaTeX manual or LaTeX Companion for explanation.
Type  H <return>  for immediate help.
 ...                                              
                                                  
l.8 ... li·ªáu, ph·∫ßn c·ª©ng, c√°c nhu c·∫ßu v·ªÅ
                                                   ·ª©ng d·ª•ng c·ªßa tr√≠ t...

You may provide a definition with
\DeclareUnicodeCharacter 


! LaTeX Error: Unicode character ·ª© (U+1EE9)
               not set up for use with LaTeX.

See the LaTeX manual or LaTeX Companion for explanation.
Type  H <return>  for immediate help.
 ...                                              
                                                  
l.8 ...ªáu, ph·∫ßn c·ª©ng, c√°c nhu c·∫ßu v·ªÅ ·ª©
                                                  ng d·ª•ng c·ªßa tr√≠ tu·ªá...

You may provide a definition with
\DeclareUnicodeCharacter 

Missing character: There is no n in font nullfont!
Missing character: There is no g in font nullfont!
Missing character: There is no d in font nullfont!

! LaTeX Error: Unicode character ·ª• (U+1EE5)
               not set up for use with LaTeX.

See the LaTeX manual or LaTeX Companion for explanation.
Type  H <return>  for immediate help.
 ...                                              
                                                  
l.8 ...·∫ßn c·ª©ng, c√°c nhu c·∫ßu v·ªÅ ·ª©ng d·ª•
                                                  ng c·ªßa tr√≠ tu·ªá nh√¢n ...

You may provide a definition with
\DeclareUnicodeCharacter 

Missing character: There is no n in font nullfont!
Missing character: There is no g in font nullfont!
Missing character: There is no c in font nullfont!

! LaTeX Error: Unicode character ·ªß (U+1EE7)
               not set up for use with LaTeX.

See the LaTeX manual or LaTeX Companion for explanation.
Type  H <return>  for immediate help.
 ...                                              
                                                  
l.8 ...ª©ng, c√°c nhu c·∫ßu v·ªÅ ·ª©ng d·ª•ng c·ªß
                                                  a tr√≠ tu·ªá nh√¢n t·∫°o t...

You may provide a definition with
\DeclareUnicodeCharacter 

Missing character: There is no a in font nullfont!
Missing character: There is no t in font nullfont!
Missing character: There is no r in font nullfont!
Missing character: There is no t in font nullfont!
Missing character: There is no u in font nullfont!

! LaTeX Error: Unicode character ·ªá (U+1EC7)
               not set up for use with LaTeX.

See the LaTeX manual or LaTeX Companion for explanation.
Type  H <return>  for immediate help.
 ...                                              
                                                  
l.8 ...hu c·∫ßu v·ªÅ ·ª©ng d·ª•ng c·ªßa tr√≠ tu·ªá
                                                   nh√¢n t·∫°o trong ƒë·ªùi ...

You may provide a definition with
\DeclareUnicodeCharacter 

Missing character: There is no n in font nullfont!
Missing character: There is no h in font nullfont!
Missing character: There is no n in font nullfont!
Missing character: There is no t in font nullfont!

! LaTeX Error: Unicode character ·∫° (U+1EA1)
               not set up for use with LaTeX.

See the LaTeX manual or LaTeX Companion for explanation.
Type  H <return>  for immediate help.
 ...                                              
                                                  
l.8 ...ªÅ ·ª©ng d·ª•ng c·ªßa tr√≠ tu·ªá nh√¢n t·∫°
                                                  o trong ƒë·ªùi s·ªëng ƒëan...

You may provide a definition with
\DeclareUnicodeCharacter 

Missing character: There is no o in font nullfont!
Missing character: There is no t in font nullfont!
Missing character: There is no r in font nullfont!
Missing character: There is no o in font nullfont!
Missing character: There is no n in font nullfont!
Missing character: There is no g in font nullfont!

! LaTeX Error: Command \dj unavailable in encoding .

See the LaTeX manual or LaTeX Companion for explanation.
Type  H <return>  for immediate help.
 ...                                              
                                                  
l.8 ...·ª•ng c·ªßa tr√≠ tu·ªá nh√¢n t·∫°o trong ƒë
                                                  ·ªùi s·ªëng ƒëang tr·ªü n√...

Your command was ignored.
Type  I <command> <return>  to replace it with another command,
or  <return>  to continue without it.


! LaTeX Error: Unicode character ·ªù (U+1EDD)
               not set up for use with LaTeX.

See the LaTeX manual or LaTeX Companion for explanation.
Type  H <return>  for immediate help.
 ...                                              
                                                  
l.8 ...ng c·ªßa tr√≠ tu·ªá nh√¢n t·∫°o trong ƒë·ªù
                                                  i s·ªëng ƒëang tr·ªü n√™n ...

You may provide a definition with
\DeclareUnicodeCharacter 

Missing character: There is no i in font nullfont!
Missing character: There is no s in font nullfont!

! LaTeX Error: Unicode character ·ªë (U+1ED1)
               not set up for use with LaTeX.

See the LaTeX manual or LaTeX Companion for explanation.
Type  H <return>  for immediate help.
 ...                                              
                                                  
l.8 ...ßa tr√≠ tu·ªá nh√¢n t·∫°o trong ƒë·ªùi s·ªë
                                                  ng ƒëang tr·ªü n√™n c·∫•p ...

You may provide a definition with
\DeclareUnicodeCharacter 

Missing character: There is no n in font nullfont!
Missing character: There is no g in font nullfont!

! LaTeX Error: Command \dj unavailable in encoding .

See the LaTeX manual or LaTeX Companion for explanation.
Type  H <return>  for immediate help.
 ...                                              
                                                  
l.8 ...√≠ tu·ªá nh√¢n t·∫°o trong ƒë·ªùi s·ªëng ƒë
                                                  ang tr·ªü n√™n c·∫•p thi·∫...

Your command was ignored.
Type  I <command> <return>  to replace it with another command,
or  <return>  to continue without it.

Missing character: There is no a in font nullfont!
Missing character: There is no n in font nullfont!
Missing character: There is no g in font nullfont!
Missing character: There is no t in font nullfont!
Missing character: There is no r in font nullfont!

! LaTeX Error: Unicode character ·ªü (U+1EDF)
               not set up for use with LaTeX.

See the LaTeX manual or LaTeX Companion for explanation.
Type  H <return>  for immediate help.
 ...                                              
                                                  
l.8 ...nh√¢n t·∫°o trong ƒë·ªùi s·ªëng ƒëang tr·ªü
                                                   n√™n c·∫•p thi·∫øt. C√°c ...

You may provide a definition with
\DeclareUnicodeCharacter 

Missing character: There is no n in font nullfont!
Missing character: There is no n in font nullfont!
Missing character: There is no c in font nullfont!

! LaTeX Error: Unicode character ·∫• (U+1EA5)
               not set up for use with LaTeX.

See the LaTeX manual or LaTeX Companion for explanation.
Type  H <return>  for immediate help.
 ...                                              
                                                  
l.8 ...o trong ƒë·ªùi s·ªëng ƒëang tr·ªü n√™n c·∫•
                                                  p thi·∫øt. C√°c ph∆∞∆°ng p...

You may provide a definition with
\DeclareUnicodeCharacter 

Missing character: There is no p in font nullfont!
Missing character: There is no t in font nullfont!
Missing character: There is no h in font nullfont!
Missing character: There is no i in font nullfont!

! LaTeX Error: Unicode character ·∫ø (U+1EBF)
               not set up for use with LaTeX.

See the LaTeX manual or LaTeX Companion for explanation.
Type  H <return>  for immediate help.
 ...                                              
                                                  
l.8 ...ƒë·ªùi s·ªëng ƒëang tr·ªü n√™n c·∫•p thi·∫ø
                                                  t. C√°c ph∆∞∆°ng ph√°p x·ª...

You may provide a definition with
\DeclareUnicodeCharacter 

Missing character: There is no t in font nullfont!
Missing character: There is no . in font nullfont!
Missing character: There is no C in font nullfont!
Missing character: There is no c in font nullfont!
Missing character: There is no p in font nullfont!
Missing character: There is no h in font nullfont!

! LaTeX Error: Unicode character ∆∞ (U+01B0)
               not set up for use with LaTeX.

See the LaTeX manual or LaTeX Companion for explanation.
Type  H <return>  for immediate help.
 ...                                              
                                                  
l.8 ...g ƒëang tr·ªü n√™n c·∫•p thi·∫øt. C√°c ph∆∞
                                                  ∆°ng ph√°p x·ª≠ l√Ω ·∫£nh ...

You may provide a definition with
\DeclareUnicodeCharacter 


! LaTeX Error: Unicode character ∆° (U+01A1)
               not set up for use with LaTeX.

See the LaTeX manual or LaTeX Companion for explanation.
Type  H <return>  for immediate help.
 ...                                              
                                                  
l.8 ...ƒëang tr·ªü n√™n c·∫•p thi·∫øt. C√°c ph∆∞∆°
                                                  ng ph√°p x·ª≠ l√Ω ·∫£nh v√...

You may provide a definition with
\DeclareUnicodeCharacter 

Missing character: There is no n in font nullfont!
Missing character: There is no g in font nullfont!
Missing character: There is no p in font nullfont!
Missing character: There is no h in font nullfont!
Missing character: There is no p in font nullfont!
Missing character: There is no x in font nullfont!

! LaTeX Error: Unicode character ·ª≠ (U+1EED)
               not set up for use with LaTeX.

See the LaTeX manual or LaTeX Companion for explanation.
Type  H <return>  for immediate help.
 ...                                              
                                                  
l.8 ...√™n c·∫•p thi·∫øt. C√°c ph∆∞∆°ng ph√°p x·ª≠
                                                   l√Ω ·∫£nh v√† th·ªã gi√°c...

You may provide a definition with
\DeclareUnicodeCharacter 

Missing character: There is no l in font nullfont!

! LaTeX Error: Unicode character ·∫£ (U+1EA3)
               not set up for use with LaTeX.

See the LaTeX manual or LaTeX Companion for explanation.
Type  H <return>  for immediate help.
 ...                                              
                                                  
l.8 ...p thi·∫øt. C√°c ph∆∞∆°ng ph√°p x·ª≠ l√Ω ·∫£
                                                  nh v√† th·ªã gi√°c m√°y hi...

You may provide a definition with
\DeclareUnicodeCharacter 

Missing character: There is no n in font nullfont!
Missing character: There is no h in font nullfont!
Missing character: There is no v in font nullfont!
Missing character: There is no t in font nullfont!
Missing character: There is no h in font nullfont!

! LaTeX Error: Unicode character ·ªã (U+1ECB)
               not set up for use with LaTeX.

See the LaTeX manual or LaTeX Companion for explanation.
Type  H <return>  for immediate help.
 ...                                              
                                                  
l.8 ...√°c ph∆∞∆°ng ph√°p x·ª≠ l√Ω ·∫£nh v√† th·ªã
                                                   gi√°c m√°y hi·ªán ƒë·∫°i ...

You may provide a definition with
\DeclareUnicodeCharacter 

Missing character: There is no g in font nullfont!
Missing character: There is no i in font nullfont!
Missing character: There is no c in font nullfont!
Missing character: There is no m in font nullfont!
Missing character: There is no y in font nullfont!
Missing character: There is no h in font nullfont!
Missing character: There is no i in font nullfont!

! LaTeX Error: Unicode character ·ªá (U+1EC7)
               not set up for use with LaTeX.

See the LaTeX manual or LaTeX Companion for explanation.
Type  H <return>  for immediate help.
 ...                                              
                                                  
l.8 ...p x·ª≠ l√Ω ·∫£nh v√† th·ªã gi√°c m√°y hi·ªá
                                                  n ƒë·∫°i ƒë√£ ƒë√≥ng m·ªôt...

You may provide a definition with
\DeclareUnicodeCharacter 

Missing character: There is no n in font nullfont!

! LaTeX Error: Command \dj unavailable in encoding .

See the LaTeX manual or LaTeX Companion for explanation.
Type  H <return>  for immediate help.
 ...                                              
                                                  
l.8 ...ª≠ l√Ω ·∫£nh v√† th·ªã gi√°c m√°y hi·ªán ƒë
                                                  ·∫°i ƒë√£ ƒë√≥ng m·ªôt vai...

Your command was ignored.
Type  I <command> <return>  to replace it with another command,
or  <return>  to continue without it.


! LaTeX Error: Unicode character ·∫° (U+1EA1)
               not set up for use with LaTeX.

See the LaTeX manual or LaTeX Companion for explanation.
Type  H <return>  for immediate help.
 ...                                              
                                                  
l.8 ...l√Ω ·∫£nh v√† th·ªã gi√°c m√°y hi·ªán ƒë·∫°
                                                  i ƒë√£ ƒë√≥ng m·ªôt vai tr...

You may provide a definition with
\DeclareUnicodeCharacter 

Missing character: There is no i in font nullfont!

! LaTeX Error: Command \dj unavailable in encoding .

See the LaTeX manual or LaTeX Companion for explanation.
Type  H <return>  for immediate help.
 ...                                              
                                                  
l.8 ...·∫£nh v√† th·ªã gi√°c m√°y hi·ªán ƒë·∫°i ƒë
                                                  √£ ƒë√≥ng m·ªôt vai tr√≤ q...

Your command was ignored.
Type  I <command> <return>  to replace it with another command,
or  <return>  to continue without it.


! LaTeX Error: Command \dj unavailable in encoding .

See the LaTeX manual or LaTeX Companion for explanation.
Type  H <return>  for immediate help.
 ...                                              
                                                  
l.8 ... v√† th·ªã gi√°c m√°y hi·ªán ƒë·∫°i ƒë√£ ƒë
                                                  √≥ng m·ªôt vai tr√≤ quan t...

Your command was ignored.
Type  I <command> <return>  to replace it with another command,
or  <return>  to continue without it.

Missing character: There is no n in font nullfont!
Missing character: There is no g in font nullfont!
Missing character: There is no m in font nullfont!

! LaTeX Error: Unicode character ·ªô (U+1ED9)
               not set up for use with LaTeX.

See the LaTeX manual or LaTeX Companion for explanation.
Type  H <return>  for immediate help.
 ...                                              
                                                  
l.8 ...ã gi√°c m√°y hi·ªán ƒë·∫°i ƒë√£ ƒë√≥ng m·ªô
                                                  t vai tr√≤ quan tr·ªçng tr...

You may provide a definition with
\DeclareUnicodeCharacter 

Missing character: There is no t in font nullfont!
Missing character: There is no v in font nullfont!
Missing character: There is no a in font nullfont!
Missing character: There is no i in font nullfont!
Missing character: There is no t in font nullfont!
Missing character: There is no r in font nullfont!
Missing character: There is no q in font nullfont!
Missing character: There is no u in font nullfont!
Missing character: There is no a in font nullfont!
Missing character: There is no n in font nullfont!
Missing character: There is no t in font nullfont!
Missing character: There is no r in font nullfont!

! LaTeX Error: Unicode character ·ªç (U+1ECD)
               not set up for use with LaTeX.

See the LaTeX manual or LaTeX Companion for explanation.
Type  H <return>  for immediate help.
 ...                                              
                                                  
l.8 ...ë·∫°i ƒë√£ ƒë√≥ng m·ªôt vai tr√≤ quan tr·ªç
                                                  ng trong c√°c b√†i to√°n v...

You may provide a definition with
\DeclareUnicodeCharacter 

Missing character: There is no n in font nullfont!
Missing character: There is no g in font nullfont!
Missing character: There is no t in font nullfont!
Missing character: There is no r in font nullfont!
Missing character: There is no o in font nullfont!
Missing character: There is no n in font nullfont!
Missing character: There is no g in font nullfont!
Missing character: There is no c in font nullfont!
Missing character: There is no c in font nullfont!
Missing character: There is no b in font nullfont!
Missing character: There is no i in font nullfont!
Missing character: There is no t in font nullfont!
Missing character: There is no o in font nullfont!
Missing character: There is no n in font nullfont!
Missing character: There is no v in font nullfont!

! LaTeX Error: Unicode character ·ªÅ (U+1EC1)
               not set up for use with LaTeX.

See the LaTeX manual or LaTeX Companion for explanation.
Type  H <return>  for immediate help.
 ...                                              
                                                  
l.8 ...r√≤ quan tr·ªçng trong c√°c b√†i to√°n v·ªÅ
                                                   ph√¢n lo·∫°i h√¨nh ·∫£nh,...

You may provide a definition with
\DeclareUnicodeCharacter 

Missing character: There is no p in font nullfont!
Missing character: There is no h in font nullfont!
Missing character: There is no n in font nullfont!
Missing character: There is no l in font nullfont!
Missing character: There is no o in font nullfont!

! LaTeX Error: Unicode character ·∫° (U+1EA1)
               not set up for use with LaTeX.

See the LaTeX manual or LaTeX Companion for explanation.
Type  H <return>  for immediate help.
 ...                                              
                                                  
l.8 ...ªçng trong c√°c b√†i to√°n v·ªÅ ph√¢n lo·∫°
                                                  i h√¨nh ·∫£nh, nh·∫≠n di·ª...

You may provide a definition with
\DeclareUnicodeCharacter 

Missing character: There is no i in font nullfont!
Missing character: There is no h in font nullfont!
Missing character: There is no n in font nullfont!
Missing character: There is no h in font nullfont!

! LaTeX Error: Unicode character ·∫£ (U+1EA3)
               not set up for use with LaTeX.

See the LaTeX manual or LaTeX Companion for explanation.
Type  H <return>  for immediate help.
 ...                                              
                                                  
l.8 ...c√°c b√†i to√°n v·ªÅ ph√¢n lo·∫°i h√¨nh ·∫£
                                                  nh, nh·∫≠n di·ªán m·∫´u, ....

You may provide a definition with
\DeclareUnicodeCharacter 

Missing character: There is no n in font nullfont!
Missing character: There is no h in font nullfont!
Missing character: There is no , in font nullfont!
Missing character: There is no n in font nullfont!
Missing character: There is no h in font nullfont!

! LaTeX Error: Unicode character ·∫≠ (U+1EAD)
               not set up for use with LaTeX.

See the LaTeX manual or LaTeX Companion for explanation.
Type  H <return>  for immediate help.
 ...                                              
                                                  
l.8 ... to√°n v·ªÅ ph√¢n lo·∫°i h√¨nh ·∫£nh, nh·∫≠
                                                  n di·ªán m·∫´u, ... K·∫øt ...

You may provide a definition with
\DeclareUnicodeCharacter 

Missing character: There is no n in font nullfont!
Missing character: There is no d in font nullfont!
Missing character: There is no i in font nullfont!

! LaTeX Error: Unicode character ·ªá (U+1EC7)
               not set up for use with LaTeX.

See the LaTeX manual or LaTeX Companion for explanation.
Type  H <return>  for immediate help.
 ...                                              
                                                  
l.8 ...v·ªÅ ph√¢n lo·∫°i h√¨nh ·∫£nh, nh·∫≠n di·ªá
                                                  n m·∫´u, ... K·∫øt c·∫•u l...

You may provide a definition with
\DeclareUnicodeCharacter 

Missing character: There is no n in font nullfont!
Missing character: There is no m in font nullfont!

! LaTeX Error: Unicode character ·∫´ (U+1EAB)
               not set up for use with LaTeX.

See the LaTeX manual or LaTeX Companion for explanation.
Type  H <return>  for immediate help.
 ...                                              
                                                  
l.8 ...h√¢n lo·∫°i h√¨nh ·∫£nh, nh·∫≠n di·ªán m·∫´
                                                  u, ... K·∫øt c·∫•u l√† kh√...

You may provide a definition with
\DeclareUnicodeCharacter 

Missing character: There is no u in font nullfont!
Missing character: There is no , in font nullfont!
Missing character: There is no . in font nullfont!
Missing character: There is no . in font nullfont!
Missing character: There is no . in font nullfont!
Missing character: There is no K in font nullfont!

! LaTeX Error: Unicode character ·∫ø (U+1EBF)
               not set up for use with LaTeX.

See the LaTeX manual or LaTeX Companion for explanation.
Type  H <return>  for immediate help.
 ...                                              
                                                  
l.8 ... h√¨nh ·∫£nh, nh·∫≠n di·ªán m·∫´u, ... K·∫ø
                                                  t c·∫•u l√† kh√≠a c·∫°nh c...

You may provide a definition with
\DeclareUnicodeCharacter 

Missing character: There is no t in font nullfont!
Missing character: There is no c in font nullfont!

! LaTeX Error: Unicode character ·∫• (U+1EA5)
               not set up for use with LaTeX.

See the LaTeX manual or LaTeX Companion for explanation.
Type  H <return>  for immediate help.
 ...                                              
                                                  
l.8 ... ·∫£nh, nh·∫≠n di·ªán m·∫´u, ... K·∫øt c·∫•
                                                  u l√† kh√≠a c·∫°nh c∆° b·∫...

You may provide a definition with
\DeclareUnicodeCharacter 

Missing character: There is no u in font nullfont!
Missing character: There is no l in font nullfont!
Missing character: There is no k in font nullfont!
Missing character: There is no h in font nullfont!
Missing character: There is no a in font nullfont!
Missing character: There is no c in font nullfont!

! LaTeX Error: Unicode character ·∫° (U+1EA1)
               not set up for use with LaTeX.

See the LaTeX manual or LaTeX Companion for explanation.
Type  H <return>  for immediate help.
 ...                                              
                                                  
l.8 ...i·ªán m·∫´u, ... K·∫øt c·∫•u l√† kh√≠a c·∫°
                                                  nh c∆° b·∫£n nh·∫•t c·ªßa ...

You may provide a definition with
\DeclareUnicodeCharacter 

Missing character: There is no n in font nullfont!
Missing character: There is no h in font nullfont!
Missing character: There is no c in font nullfont!

! LaTeX Error: Unicode character ∆° (U+01A1)
               not set up for use with LaTeX.

See the LaTeX manual or LaTeX Companion for explanation.
Type  H <return>  for immediate help.
 ...                                              
                                                  
l.8 ...m·∫´u, ... K·∫øt c·∫•u l√† kh√≠a c·∫°nh c∆°
                                                   b·∫£n nh·∫•t c·ªßa m·ªôt ...

You may provide a definition with
\DeclareUnicodeCharacter 

Missing character: There is no b in font nullfont!

! LaTeX Error: Unicode character ·∫£ (U+1EA3)
               not set up for use with LaTeX.

See the LaTeX manual or LaTeX Companion for explanation.
Type  H <return>  for immediate help.
 ...                                              
                                                  
l.8 ..., ... K·∫øt c·∫•u l√† kh√≠a c·∫°nh c∆° b·∫£
                                                  n nh·∫•t c·ªßa m·ªôt b·ª©c...

You may provide a definition with
\DeclareUnicodeCharacter 

Missing character: There is no n in font nullfont!
Missing character: There is no n in font nullfont!
Missing character: There is no h in font nullfont!

! LaTeX Error: Unicode character ·∫• (U+1EA5)
               not set up for use with LaTeX.

See the LaTeX manual or LaTeX Companion for explanation.
Type  H <return>  for immediate help.
 ...                                              
                                                  
l.8 ...·∫øt c·∫•u l√† kh√≠a c·∫°nh c∆° b·∫£n nh·∫•
                                                  t c·ªßa m·ªôt b·ª©c tranh ...

You may provide a definition with
\DeclareUnicodeCharacter 

Missing character: There is no t in font nullfont!
Missing character: There is no c in font nullfont!

! LaTeX Error: Unicode character ·ªß (U+1EE7)
               not set up for use with LaTeX.

See the LaTeX manual or LaTeX Companion for explanation.
Type  H <return>  for immediate help.
 ...                                              
                                                  
l.8 ...·∫•u l√† kh√≠a c·∫°nh c∆° b·∫£n nh·∫•t c·ªß
                                                  a m·ªôt b·ª©c tranh hay h√...

You may provide a definition with
\DeclareUnicodeCharacter 

Missing character: There is no a in font nullfont!
Missing character: There is no m in font nullfont!

! LaTeX Error: Unicode character ·ªô (U+1ED9)
               not set up for use with LaTeX.

See the LaTeX manual or LaTeX Companion for explanation.
Type  H <return>  for immediate help.
 ...                                              
                                                  
l.8 ...√† kh√≠a c·∫°nh c∆° b·∫£n nh·∫•t c·ªßa m·ªô
                                                  t b·ª©c tranh hay h√¨nh ·∫...

You may provide a definition with
\DeclareUnicodeCharacter 

Missing character: There is no t in font nullfont!
Missing character: There is no b in font nullfont!

! LaTeX Error: Unicode character ·ª© (U+1EE9)
               not set up for use with LaTeX.

See the LaTeX manual or LaTeX Companion for explanation.
Type  H <return>  for immediate help.
 ...                                              
                                                  
l.8 ...≠a c·∫°nh c∆° b·∫£n nh·∫•t c·ªßa m·ªôt b·ª©
                                                  c tranh hay h√¨nh ·∫£nh, g...

You may provide a definition with
\DeclareUnicodeCharacter 

Missing character: There is no c in font nullfont!
Missing character: There is no t in font nullfont!
Missing character: There is no r in font nullfont!
Missing character: There is no a in font nullfont!
Missing character: There is no n in font nullfont!
Missing character: There is no h in font nullfont!
Missing character: There is no h in font nullfont!
Missing character: There is no a in font nullfont!
Missing character: There is no y in font nullfont!
Missing character: There is no h in font nullfont!
Missing character: There is no n in font nullfont!
Missing character: There is no h in font nullfont!

! LaTeX Error: Unicode character ·∫£ (U+1EA3)
               not set up for use with LaTeX.

See the LaTeX manual or LaTeX Companion for explanation.
Type  H <return>  for immediate help.
 ...                                              
                                                  
l.8 ...h·∫•t c·ªßa m·ªôt b·ª©c tranh hay h√¨nh ·∫£
                                                  nh, g√≥p ph·∫ßn t·∫°o n√™n...

You may provide a definition with
\DeclareUnicodeCharacter 

Missing character: There is no n in font nullfont!
Missing character: There is no h in font nullfont!
Missing character: There is no , in font nullfont!
Missing character: There is no g in font nullfont!
Missing character: There is no p in font nullfont!
Missing character: There is no p in font nullfont!
Missing character: There is no h in font nullfont!

! LaTeX Error: Unicode character ·∫ß (U+1EA7)
               not set up for use with LaTeX.

See the LaTeX manual or LaTeX Companion for explanation.
Type  H <return>  for immediate help.
 ...                                              
                                                  
l.8 ...ªôt b·ª©c tranh hay h√¨nh ·∫£nh, g√≥p ph·∫ß
                                                  n t·∫°o n√™n s·ª± nh·∫≠n d...

You may provide a definition with
\DeclareUnicodeCharacter 

Missing character: There is no n in font nullfont!
Missing character: There is no t in font nullfont!

! LaTeX Error: Unicode character ·∫° (U+1EA1)
               not set up for use with LaTeX.

See the LaTeX manual or LaTeX Companion for explanation.
Type  H <return>  for immediate help.
 ...                                              
                                                  
l.8 ...ª©c tranh hay h√¨nh ·∫£nh, g√≥p ph·∫ßn t·∫°
                                                  o n√™n s·ª± nh·∫≠n d·∫°ng ...

You may provide a definition with
\DeclareUnicodeCharacter 

Missing character: There is no o in font nullfont!
Missing character: There is no n in font nullfont!
Missing character: There is no n in font nullfont!
Missing character: There is no s in font nullfont!

! LaTeX Error: Unicode character ·ª± (U+1EF1)
               not set up for use with LaTeX.

See the LaTeX manual or LaTeX Companion for explanation.
Type  H <return>  for immediate help.
 ...                                              
                                                  
l.8 ...ay h√¨nh ·∫£nh, g√≥p ph·∫ßn t·∫°o n√™n s·ª±
                                                   nh·∫≠n d·∫°ng c·ªßa b·ª©c...

You may provide a definition with
\DeclareUnicodeCharacter 

Missing character: There is no n in font nullfont!
Missing character: There is no h in font nullfont!

! LaTeX Error: Unicode character ·∫≠ (U+1EAD)
               not set up for use with LaTeX.

See the LaTeX manual or LaTeX Companion for explanation.
Type  H <return>  for immediate help.
 ...                                              
                                                  
l.8 ...nh ·∫£nh, g√≥p ph·∫ßn t·∫°o n√™n s·ª± nh·∫≠
                                                  n d·∫°ng c·ªßa b·ª©c tranh...

You may provide a definition with
\DeclareUnicodeCharacter 

Missing character: There is no n in font nullfont!
Missing character: There is no d in font nullfont!

! LaTeX Error: Unicode character ·∫° (U+1EA1)
               not set up for use with LaTeX.

See the LaTeX manual or LaTeX Companion for explanation.
Type  H <return>  for immediate help.
 ...                                              
                                                  
l.8 ...nh, g√≥p ph·∫ßn t·∫°o n√™n s·ª± nh·∫≠n d·∫°
                                                  ng c·ªßa b·ª©c tranh ƒë√≥....

You may provide a definition with
\DeclareUnicodeCharacter 

Missing character: There is no n in font nullfont!
Missing character: There is no g in font nullfont!
Missing character: There is no c in font nullfont!

! LaTeX Error: Unicode character ·ªß (U+1EE7)
               not set up for use with LaTeX.

See the LaTeX manual or LaTeX Companion for explanation.
Type  H <return>  for immediate help.
 ...                                              
                                                  
l.8 ...p ph·∫ßn t·∫°o n√™n s·ª± nh·∫≠n d·∫°ng c·ªß
                                                  a b·ª©c tranh ƒë√≥. Trong ...

You may provide a definition with
\DeclareUnicodeCharacter 

Missing character: There is no a in font nullfont!
Missing character: There is no b in font nullfont!

! LaTeX Error: Unicode character ·ª© (U+1EE9)
               not set up for use with LaTeX.

See the LaTeX manual or LaTeX Companion for explanation.
Type  H <return>  for immediate help.
 ...                                              
                                                  
l.8 ...ßn t·∫°o n√™n s·ª± nh·∫≠n d·∫°ng c·ªßa b·ª©
                                                  c tranh ƒë√≥. Trong c√°c b...

You may provide a definition with
\DeclareUnicodeCharacter 

Missing character: There is no c in font nullfont!
Missing character: There is no t in font nullfont!
Missing character: There is no r in font nullfont!
Missing character: There is no a in font nullfont!
Missing character: There is no n in font nullfont!
Missing character: There is no h in font nullfont!

! LaTeX Error: Command \dj unavailable in encoding .

See the LaTeX manual or LaTeX Companion for explanation.
Type  H <return>  for immediate help.
 ...                                              
                                                  
l.8 ...√™n s·ª± nh·∫≠n d·∫°ng c·ªßa b·ª©c tranh ƒë
                                                  √≥. Trong c√°c b√†i to√°n ...

Your command was ignored.
Type  I <command> <return>  to replace it with another command,
or  <return>  to continue without it.

Missing character: There is no . in font nullfont!
Missing character: There is no T in font nullfont!
Missing character: There is no r in font nullfont!
Missing character: There is no o in font nullfont!
Missing character: There is no n in font nullfont!
Missing character: There is no g in font nullfont!
Missing character: There is no c in font nullfont!
Missing character: There is no c in font nullfont!
Missing character: There is no b in font nullfont!
Missing character: There is no i in font nullfont!
Missing character: There is no t in font nullfont!
Missing character: There is no o in font nullfont!
Missing character: There is no n in font nullfont!
Missing character: There is no v in font nullfont!

! LaTeX Error: Unicode character ·ªÅ (U+1EC1)
               not set up for use with LaTeX.

See the LaTeX manual or LaTeX Companion for explanation.
Type  H <return>  for immediate help.
 ...                                              
                                                  
l.8 ...·ª©c tranh ƒë√≥. Trong c√°c b√†i to√°n v·ªÅ
                                                   th·ªã gi√°c m√°y, th√¥ng ...

You may provide a definition with
\DeclareUnicodeCharacter 

Missing character: There is no t in font nullfont!
Missing character: There is no h in font nullfont!

! LaTeX Error: Unicode character ·ªã (U+1ECB)
               not set up for use with LaTeX.

See the LaTeX manual or LaTeX Companion for explanation.
Type  H <return>  for immediate help.
 ...                                              
                                                  
l.8 ...ranh ƒë√≥. Trong c√°c b√†i to√°n v·ªÅ th·ªã
                                                   gi√°c m√°y, th√¥ng tin k·...

You may provide a definition with
\DeclareUnicodeCharacter 

Missing character: There is no g in font nullfont!
Missing character: There is no i in font nullfont!
Missing character: There is no c in font nullfont!
Missing character: There is no m in font nullfont!
Missing character: There is no y in font nullfont!
Missing character: There is no , in font nullfont!
Missing character: There is no t in font nullfont!
Missing character: There is no h in font nullfont!
Missing character: There is no n in font nullfont!
Missing character: There is no g in font nullfont!
Missing character: There is no t in font nullfont!
Missing character: There is no i in font nullfont!
Missing character: There is no n in font nullfont!
Missing character: There is no k in font nullfont!

! LaTeX Error: Unicode character ·∫ø (U+1EBF)
               not set up for use with LaTeX.

See the LaTeX manual or LaTeX Companion for explanation.
Type  H <return>  for immediate help.
 ...                                              
                                                  
l.8 ...o√°n v·ªÅ th·ªã gi√°c m√°y, th√¥ng tin k·∫ø
                                                  t c·∫•u ƒë√≥ng vai tr√≤ qu...

You may provide a definition with
\DeclareUnicodeCharacter 

Missing character: There is no t in font nullfont!
Missing character: There is no c in font nullfont!

! LaTeX Error: Unicode character ·∫• (U+1EA5)
               not set up for use with LaTeX.

See the LaTeX manual or LaTeX Companion for explanation.
Type  H <return>  for immediate help.
 ...                                              
                                                  
l.8 ...·ªÅ th·ªã gi√°c m√°y, th√¥ng tin k·∫øt c·∫•
                                                  u ƒë√≥ng vai tr√≤ quan tr·...

You may provide a definition with
\DeclareUnicodeCharacter 

Missing character: There is no u in font nullfont!

! LaTeX Error: Command \dj unavailable in encoding .

See the LaTeX manual or LaTeX Companion for explanation.
Type  H <return>  for immediate help.
 ...                                              
                                                  
l.8 ...th·ªã gi√°c m√°y, th√¥ng tin k·∫øt c·∫•u ƒë
                                                  √≥ng vai tr√≤ quan tr·ªçng...

Your command was ignored.
Type  I <command> <return>  to replace it with another command,
or  <return>  to continue without it.

Missing character: There is no n in font nullfont!
Missing character: There is no g in font nullfont!
Missing character: There is no v in font nullfont!
Missing character: There is no a in font nullfont!
Missing character: There is no i in font nullfont!
Missing character: There is no t in font nullfont!
Missing character: There is no r in font nullfont!
Missing character: There is no q in font nullfont!
Missing character: There is no u in font nullfont!
Missing character: There is no a in font nullfont!
Missing character: There is no n in font nullfont!
Missing character: There is no t in font nullfont!
Missing character: There is no r in font nullfont!

! LaTeX Error: Unicode character ·ªç (U+1ECD)
               not set up for use with LaTeX.

See the LaTeX manual or LaTeX Companion for explanation.
Type  H <return>  for immediate help.
 ...                                              
                                                  
l.8 ... tin k·∫øt c·∫•u ƒë√≥ng vai tr√≤ quan tr·ªç
                                                  ng trong vi·ªác ph√¢n bi·ª...

You may provide a definition with
\DeclareUnicodeCharacter 

Missing character: There is no n in font nullfont!
Missing character: There is no g in font nullfont!
Missing character: There is no t in font nullfont!
Missing character: There is no r in font nullfont!
Missing character: There is no o in font nullfont!
Missing character: There is no n in font nullfont!
Missing character: There is no g in font nullfont!
Missing character: There is no v in font nullfont!
Missing character: There is no i in font nullfont!

! LaTeX Error: Unicode character ·ªá (U+1EC7)
               not set up for use with LaTeX.

See the LaTeX manual or LaTeX Companion for explanation.
Type  H <return>  for immediate help.
 ...                                              
                                                  
l.8 ...•u ƒë√≥ng vai tr√≤ quan tr·ªçng trong vi·ªá
                                                  c ph√¢n bi·ªát c√°c ƒë·ªëi...

You may provide a definition with
\DeclareUnicodeCharacter 

Missing character: There is no c in font nullfont!
Missing character: There is no p in font nullfont!
Missing character: There is no h in font nullfont!
Missing character: There is no n in font nullfont!
Missing character: There is no b in font nullfont!
Missing character: There is no i in font nullfont!

! LaTeX Error: Unicode character ·ªá (U+1EC7)
               not set up for use with LaTeX.

See the LaTeX manual or LaTeX Companion for explanation.
Type  H <return>  for immediate help.
 ...                                              
                                                  
l.8 ... tr√≤ quan tr·ªçng trong vi·ªác ph√¢n bi·ªá
                                                  t c√°c ƒë·ªëi t∆∞·ª£ng c√≥...

You may provide a definition with
\DeclareUnicodeCharacter 

Missing character: There is no t in font nullfont!
Missing character: There is no c in font nullfont!
Missing character: There is no c in font nullfont!

! LaTeX Error: Command \dj unavailable in encoding .

See the LaTeX manual or LaTeX Companion for explanation.
Type  H <return>  for immediate help.
 ...                                              
                                                  
l.8 ...n tr·ªçng trong vi·ªác ph√¢n bi·ªát c√°c ƒë
                                                  ·ªëi t∆∞·ª£ng c√≥ h√¨nh d·...

Your command was ignored.
Type  I <command> <return>  to replace it with another command,
or  <return>  to continue without it.


! LaTeX Error: Unicode character ·ªë (U+1ED1)
               not set up for use with LaTeX.

See the LaTeX manual or LaTeX Companion for explanation.
Type  H <return>  for immediate help.
 ...                                              
                                                  
l.8 ...r·ªçng trong vi·ªác ph√¢n bi·ªát c√°c ƒë·ªë
                                                  i t∆∞·ª£ng c√≥ h√¨nh d·∫°n...

You may provide a definition with
\DeclareUnicodeCharacter 

Missing character: There is no i in font nullfont!
Missing character: There is no t in font nullfont!

! LaTeX Error: Unicode character ∆∞ (U+01B0)
               not set up for use with LaTeX.

See the LaTeX manual or LaTeX Companion for explanation.
Type  H <return>  for immediate help.
 ...                                              
                                                  
l.8 ...g trong vi·ªác ph√¢n bi·ªát c√°c ƒë·ªëi t∆∞
                                                  ·ª£ng c√≥ h√¨nh d·∫°ng t∆∞...

You may provide a definition with
\DeclareUnicodeCharacter 


! LaTeX Error: Unicode character ·ª£ (U+1EE3)
               not set up for use with LaTeX.

See the LaTeX manual or LaTeX Companion for explanation.
Type  H <return>  for immediate help.
 ...                                              
                                                  
l.8 ...rong vi·ªác ph√¢n bi·ªát c√°c ƒë·ªëi t∆∞·ª£
                                                  ng c√≥ h√¨nh d·∫°ng t∆∞∆°n...

You may provide a definition with
\DeclareUnicodeCharacter 

Missing character: There is no n in font nullfont!
Missing character: There is no g in font nullfont!
Missing character: There is no c in font nullfont!
Missing character: There is no h in font nullfont!
Missing character: There is no n in font nullfont!
Missing character: There is no h in font nullfont!
Missing character: There is no d in font nullfont!

! LaTeX Error: Unicode character ·∫° (U+1EA1)
               not set up for use with LaTeX.

See the LaTeX manual or LaTeX Companion for explanation.
Type  H <return>  for immediate help.
 ...                                              
                                                  
l.8 ... bi·ªát c√°c ƒë·ªëi t∆∞·ª£ng c√≥ h√¨nh d·∫°
                                                  ng t∆∞∆°ng t·ª± nh∆∞ng thu...

You may provide a definition with
\DeclareUnicodeCharacter 

Missing character: There is no n in font nullfont!
Missing character: There is no g in font nullfont!
Missing character: There is no t in font nullfont!

! LaTeX Error: Unicode character ∆∞ (U+01B0)
               not set up for use with LaTeX.

See the LaTeX manual or LaTeX Companion for explanation.
Type  H <return>  for immediate help.
 ...                                              
                                                  
l.8 ...t c√°c ƒë·ªëi t∆∞·ª£ng c√≥ h√¨nh d·∫°ng t∆∞
                                                  ∆°ng t·ª± nh∆∞ng thu·ªôc c...

You may provide a definition with
\DeclareUnicodeCharacter 


! LaTeX Error: Unicode character ∆° (U+01A1)
               not set up for use with LaTeX.

See the LaTeX manual or LaTeX Companion for explanation.
Type  H <return>  for immediate help.
 ...                                              
                                                  
l.8 ...c√°c ƒë·ªëi t∆∞·ª£ng c√≥ h√¨nh d·∫°ng t∆∞∆°
                                                  ng t·ª± nh∆∞ng thu·ªôc c√°...

You may provide a definition with
\DeclareUnicodeCharacter 

Missing character: There is no n in font nullfont!
Missing character: There is no g in font nullfont!
Missing character: There is no t in font nullfont!

! LaTeX Error: Unicode character ·ª± (U+1EF1)
               not set up for use with LaTeX.

See the LaTeX manual or LaTeX Companion for explanation.
Type  H <return>  for immediate help.
 ...                                              
                                                  
l.8 ...·ªëi t∆∞·ª£ng c√≥ h√¨nh d·∫°ng t∆∞∆°ng t·ª±
                                                   nh∆∞ng thu·ªôc c√°c l·ªõp...

You may provide a definition with
\DeclareUnicodeCharacter 

Missing character: There is no n in font nullfont!
Missing character: There is no h in font nullfont!

! LaTeX Error: Unicode character ∆∞ (U+01B0)
               not set up for use with LaTeX.

See the LaTeX manual or LaTeX Companion for explanation.
Type  H <return>  for immediate help.
 ...                                              
                                                  
l.8 ...t∆∞·ª£ng c√≥ h√¨nh d·∫°ng t∆∞∆°ng t·ª± nh∆∞
                                                  ng thu·ªôc c√°c l·ªõp kh√°...

You may provide a definition with
\DeclareUnicodeCharacter 

Missing character: There is no n in font nullfont!
Missing character: There is no g in font nullfont!
Missing character: There is no t in font nullfont!
Missing character: There is no h in font nullfont!
Missing character: There is no u in font nullfont!

! LaTeX Error: Unicode character ·ªô (U+1ED9)
               not set up for use with LaTeX.

See the LaTeX manual or LaTeX Companion for explanation.
Type  H <return>  for immediate help.
 ...                                              
                                                  
l.8 ...c√≥ h√¨nh d·∫°ng t∆∞∆°ng t·ª± nh∆∞ng thu·ªô
                                                  c c√°c l·ªõp kh√°c nhau. S...

You may provide a definition with
\DeclareUnicodeCharacter 

Missing character: There is no c in font nullfont!
Missing character: There is no c in font nullfont!
Missing character: There is no c in font nullfont!
Missing character: There is no l in font nullfont!

! LaTeX Error: Unicode character ·ªõ (U+1EDB)
               not set up for use with LaTeX.

See the LaTeX manual or LaTeX Companion for explanation.
Type  H <return>  for immediate help.
 ...                                              
                                                  
l.8 ...·∫°ng t∆∞∆°ng t·ª± nh∆∞ng thu·ªôc c√°c l·ªõ
                                                  p kh√°c nhau. S·ªë l∆∞·ª£n...

You may provide a definition with
\DeclareUnicodeCharacter 

Missing character: There is no p in font nullfont!
Missing character: There is no k in font nullfont!
Missing character: There is no h in font nullfont!
Missing character: There is no c in font nullfont!
Missing character: There is no n in font nullfont!
Missing character: There is no h in font nullfont!
Missing character: There is no a in font nullfont!
Missing character: There is no u in font nullfont!
Missing character: There is no . in font nullfont!
Missing character: There is no S in font nullfont!

! LaTeX Error: Unicode character ·ªë (U+1ED1)
               not set up for use with LaTeX.

See the LaTeX manual or LaTeX Companion for explanation.
Type  H <return>  for immediate help.
 ...                                              
                                                  
l.8 ... nh∆∞ng thu·ªôc c√°c l·ªõp kh√°c nhau. S·ªë
                                                   l∆∞·ª£ng l·ªõn c√°c h√¨nh...

You may provide a definition with
\DeclareUnicodeCharacter 

Missing character: There is no l in font nullfont!

! LaTeX Error: Unicode character ∆∞ (U+01B0)
               not set up for use with LaTeX.

See the LaTeX manual or LaTeX Companion for explanation.
Type  H <return>  for immediate help.
 ...                                              
                                                  
l.8 ...∞ng thu·ªôc c√°c l·ªõp kh√°c nhau. S·ªë l∆∞
                                                  ·ª£ng l·ªõn c√°c h√¨nh ·∫£...

You may provide a definition with
\DeclareUnicodeCharacter 


! LaTeX Error: Unicode character ·ª£ (U+1EE3)
               not set up for use with LaTeX.

See the LaTeX manual or LaTeX Companion for explanation.
Type  H <return>  for immediate help.
 ...                                              
                                                  
l.8 ... thu·ªôc c√°c l·ªõp kh√°c nhau. S·ªë l∆∞·ª£
                                                  ng l·ªõn c√°c h√¨nh ·∫£nh ...

You may provide a definition with
\DeclareUnicodeCharacter 

Missing character: There is no n in font nullfont!
Missing character: There is no g in font nullfont!
Missing character: There is no l in font nullfont!

! LaTeX Error: Unicode character ·ªõ (U+1EDB)
               not set up for use with LaTeX.

See the LaTeX manual or LaTeX Companion for explanation.
Type  H <return>  for immediate help.
 ...                                              
                                                  
l.8 ...c c√°c l·ªõp kh√°c nhau. S·ªë l∆∞·ª£ng l·ªõ
                                                  n c√°c h√¨nh ·∫£nh c·ªßa v...

You may provide a definition with
\DeclareUnicodeCharacter 

Missing character: There is no n in font nullfont!
Missing character: There is no c in font nullfont!
Missing character: There is no c in font nullfont!
Missing character: There is no h in font nullfont!
Missing character: There is no n in font nullfont!
Missing character: There is no h in font nullfont!

! LaTeX Error: Unicode character ·∫£ (U+1EA3)
               not set up for use with LaTeX.

See the LaTeX manual or LaTeX Companion for explanation.
Type  H <return>  for immediate help.
 ...                                              
                                                  
l.8 ...°c nhau. S·ªë l∆∞·ª£ng l·ªõn c√°c h√¨nh ·∫£
                                                  nh c·ªßa v·ªá tinh, l√¢m n...

You may provide a definition with
\DeclareUnicodeCharacter 

Missing character: There is no n in font nullfont!
Missing character: There is no h in font nullfont!
Missing character: There is no c in font nullfont!

! LaTeX Error: Unicode character ·ªß (U+1EE7)
               not set up for use with LaTeX.

See the LaTeX manual or LaTeX Companion for explanation.
Type  H <return>  for immediate help.
 ...                                              
                                                  
l.8 .... S·ªë l∆∞·ª£ng l·ªõn c√°c h√¨nh ·∫£nh c·ªß
                                                  a v·ªá tinh, l√¢m nghi·ªáp...

You may provide a definition with
\DeclareUnicodeCharacter 

Missing character: There is no a in font nullfont!
Missing character: There is no v in font nullfont!

! LaTeX Error: Unicode character ·ªá (U+1EC7)
               not set up for use with LaTeX.

See the LaTeX manual or LaTeX Companion for explanation.
Type  H <return>  for immediate help.
 ...                                              
                                                  
l.8 ... l∆∞·ª£ng l·ªõn c√°c h√¨nh ·∫£nh c·ªßa v·ªá
                                                   tinh, l√¢m nghi·ªáp,... c...

You may provide a definition with
\DeclareUnicodeCharacter 

Missing character: There is no t in font nullfont!
Missing character: There is no i in font nullfont!
Missing character: There is no n in font nullfont!
Missing character: There is no h in font nullfont!
Missing character: There is no , in font nullfont!
Missing character: There is no l in font nullfont!
Missing character: There is no m in font nullfont!
Missing character: There is no n in font nullfont!
Missing character: There is no g in font nullfont!
Missing character: There is no h in font nullfont!
Missing character: There is no i in font nullfont!

! LaTeX Error: Unicode character ·ªá (U+1EC7)
               not set up for use with LaTeX.

See the LaTeX manual or LaTeX Companion for explanation.
Type  H <return>  for immediate help.
 ...                                              
                                                  
l.8 ...c h√¨nh ·∫£nh c·ªßa v·ªá tinh, l√¢m nghi·ªá
                                                  p,... c√≥ th·ªÉ ƒë∆∞·ª£c x...

You may provide a definition with
\DeclareUnicodeCharacter 

Missing character: There is no p in font nullfont!
Missing character: There is no , in font nullfont!
Missing character: There is no . in font nullfont!
Missing character: There is no . in font nullfont!
Missing character: There is no . in font nullfont!
Missing character: There is no c in font nullfont!
Missing character: There is no t in font nullfont!
Missing character: There is no h in font nullfont!

! LaTeX Error: Unicode character ·ªÉ (U+1EC3)
               not set up for use with LaTeX.

See the LaTeX manual or LaTeX Companion for explanation.
Type  H <return>  for immediate help.
 ...                                              
                                                  
l.8 ...·ªßa v·ªá tinh, l√¢m nghi·ªáp,... c√≥ th·ªÉ
                                                   ƒë∆∞·ª£c x√°c ƒë·ªãnh  d·...

You may provide a definition with
\DeclareUnicodeCharacter 


! LaTeX Error: Command \dj unavailable in encoding .

See the LaTeX manual or LaTeX Companion for explanation.
Type  H <return>  for immediate help.
 ...                                              
                                                  
l.8 ...a v·ªá tinh, l√¢m nghi·ªáp,... c√≥ th·ªÉ ƒë
                                                  ∆∞·ª£c x√°c ƒë·ªãnh  d·ª±a...

Your command was ignored.
Type  I <command> <return>  to replace it with another command,
or  <return>  to continue without it.


! LaTeX Error: Unicode character ∆∞ (U+01B0)
               not set up for use with LaTeX.

See the LaTeX manual or LaTeX Companion for explanation.
Type  H <return>  for immediate help.
 ...                                              
                                                  
l.8 ...v·ªá tinh, l√¢m nghi·ªáp,... c√≥ th·ªÉ ƒë∆∞
                                                  ·ª£c x√°c ƒë·ªãnh  d·ª±a v...

You may provide a definition with
\DeclareUnicodeCharacter 


! LaTeX Error: Unicode character ·ª£ (U+1EE3)
               not set up for use with LaTeX.

See the LaTeX manual or LaTeX Companion for explanation.
Type  H <return>  for immediate help.
 ...                                              
                                                  
l.8 ...á tinh, l√¢m nghi·ªáp,... c√≥ th·ªÉ ƒë∆∞·ª£
                                                  c x√°c ƒë·ªãnh  d·ª±a v√†o...

You may provide a definition with
\DeclareUnicodeCharacter 

Missing character: There is no c in font nullfont!
Missing character: There is no x in font nullfont!
Missing character: There is no c in font nullfont!

! LaTeX Error: Command \dj unavailable in encoding .

See the LaTeX manual or LaTeX Companion for explanation.
Type  H <return>  for immediate help.
 ...                                              
                                                  
l.8 ...√¢m nghi·ªáp,... c√≥ th·ªÉ ƒë∆∞·ª£c x√°c ƒë
                                                  ·ªãnh  d·ª±a v√†o k·∫øt c·...

Your command was ignored.
Type  I <command> <return>  to replace it with another command,
or  <return>  to continue without it.


! LaTeX Error: Unicode character ·ªã (U+1ECB)
               not set up for use with LaTeX.

See the LaTeX manual or LaTeX Companion for explanation.
Type  H <return>  for immediate help.
 ...                                              
                                                  
l.8 ... nghi·ªáp,... c√≥ th·ªÉ ƒë∆∞·ª£c x√°c ƒë·ªã
                                                  nh  d·ª±a v√†o k·∫øt c·∫•u...
(That makes 100 errors; please try again.) 
Here is how much of TeX's memory you used:
 67 strings out of 473522
 962 string characters out of 5714609
 392471 words of memory out of 5000000
 23394 multiletter control sequences out of 15000+600000
 559145 words of font info for 37 fonts, out of 8000000 for 9000
 1141 hyphenation exceptions out of 8191
 23i,1n,32p,1070b,86s stack positions out of 10000i,1000n,20000p,200000b,200000s

!  ==> Fatal error occurred, no output PDF file produced!
